<?xml version="1.0" encoding="UTF-8"?>
<testsuite name="games.game2048.TestGame2048" tests="1" skipped="0" failures="0" errors="0" timestamp="2019-10-09T01:44:54" hostname="cpinan.local" time="0.01">
  <properties/>
  <testcase name="testMoves" classname="games.game2048.TestGame2048" time="0.01"/>
  <system-out><![CDATA[]]></system-out>
  <system-err><![CDATA[]]></system-err>
</testsuite>
