<?xml version="1.0" encoding="UTF-8"?>
<testsuite name="games.board.TestGameBoard" tests="11" skipped="0" failures="0" errors="0" timestamp="2019-10-09T01:44:54" hostname="cpinan.local" time="0.031">
  <properties/>
  <testcase name="test01GetAndSetElement" classname="games.board.TestGameBoard" time="0.007"/>
  <testcase name="test02Filter" classname="games.board.TestGameBoard" time="0.009"/>
  <testcase name="test03All" classname="games.board.TestGameBoard" time="0.002"/>
  <testcase name="test04Any" classname="games.board.TestGameBoard" time="0.002"/>
  <testcase name="test05TheSameCell" classname="games.board.TestGameBoard" time="0.002"/>
  <testcase name="test06FindReturnsTheSameCell" classname="games.board.TestGameBoard" time="0.0"/>
  <testcase name="test07FilterTheSameCell" classname="games.board.TestGameBoard" time="0.001"/>
  <testcase name="test08AllAny" classname="games.board.TestGameBoard" time="0.007"/>
  <testcase name="test09AllAny" classname="games.board.TestGameBoard" time="0.0"/>
  <testcase name="test10AllAny" classname="games.board.TestGameBoard" time="0.0"/>
  <testcase name="test11AllAny" classname="games.board.TestGameBoard" time="0.0"/>
  <system-out><![CDATA[]]></system-out>
  <system-err><![CDATA[]]></system-err>
</testsuite>
